# JRE version: OpenJDK Runtime Environment (8.0_212-b04) (build 1.8.0_212-release-1586-b04)
# Java VM: OpenJDK 64-Bit Server VM (25.212-b04 mixed mode windows-amd64 compressed oops)
Heap:
 PSYoungGen      total 51712K, used 45283K [0x00000000e0000000, 0x00000000e3e00000, 0x0000000100000000)
  eden space 43008K, 97% used [0x00000000e0000000,0x00000000e28bea70,0x00000000e2a00000)
  from space 8704K, 40% used [0x00000000e3580000,0x00000000e38fa1e8,0x00000000e3e00000)
  to   space 10240K, 0% used [0x00000000e2a00000,0x00000000e2a00000,0x00000000e3400000)
 ParOldGen       total 59904K, used 14069K [0x00000000a0000000, 0x00000000a3a80000, 0x00000000e0000000)
  object space 59904K, 23% used [0x00000000a0000000,0x00000000a0dbd700,0x00000000a3a80000)
 Metaspace       used 38070K, capacity 38830K, committed 38912K, reserved 1083392K
  class space    used 5116K, capacity 5364K, committed 5376K, reserved 1048576K
GC Heap History (10 events):
Event: 38.273 GC heap before
{Heap before GC invocations=10 (full 1):
 PSYoungGen      total 40960K, used 36624K [0x00000000e0000000, 0x00000000e3280000, 0x0000000100000000)
  eden space 31232K, 100% used [0x00000000e0000000,0x00000000e1e80000,0x00000000e1e80000)
  from space 9728K, 55% used [0x00000000e2900000,0x00000000e2e44018,0x00000000e3280000)
  to   space 10240K, 0% used [0x00000000e1e80000,0x00000000e1e80000,0x00000000e2880000)
 ParOldGen       total 46592K, used 8770K [0x00000000a0000000, 0x00000000a2d80000, 0x00000000e0000000)
  object space 46592K, 18% used [0x00000000a0000000,0x00000000a0890870,0x00000000a2d80000)
 Metaspace       used 30330K, capacity 30826K, committed 31104K, reserved 1075200K
  class space    used 4212K, capacity 4400K, committed 4480K, reserved 1048576K
Event: 38.284 GC heap after
Heap after GC invocations=10 (full 1):
 PSYoungGen      total 36864K, used 5721K [0x00000000e0000000, 0x00000000e3100000, 0x0000000100000000)
  eden space 30720K, 0% used [0x00000000e0000000,0x00000000e0000000,0x00000000e1e00000)
  from space 6144K, 93% used [0x00000000e1e80000,0x00000000e24166c0,0x00000000e2480000)
  to   space 9728K, 0% used [0x00000000e2780000,0x00000000e2780000,0x00000000e3100000)
 ParOldGen       total 46592K, used 8778K [0x00000000a0000000, 0x00000000a2d80000, 0x00000000e0000000)
  object space 46592K, 18% used [0x00000000a0000000,0x00000000a0892870,0x00000000a2d80000)
 Metaspace       used 30330K, capacity 30826K, committed 31104K, reserved 1075200K
  class space    used 4212K, capacity 4400K, committed 4480K, reserved 1048576K
}
Event: 41.617 GC heap before
{Heap before GC invocations=11 (full 1):
 PSYoungGen      total 36864K, used 36441K [0x00000000e0000000, 0x00000000e3100000, 0x0000000100000000)
  eden space 30720K, 100% used [0x00000000e0000000,0x00000000e1e00000,0x00000000e1e00000)
  from space 6144K, 93% used [0x00000000e1e80000,0x00000000e24166c0,0x00000000e2480000)
  to   space 9728K, 0% used [0x00000000e2780000,0x00000000e2780000,0x00000000e3100000)
 ParOldGen       total 46592K, used 8778K [0x00000000a0000000, 0x00000000a2d80000, 0x00000000e0000000)
  object space 46592K, 18% used [0x00000000a0000000,0x00000000a0892870,0x00000000a2d80000)
 Metaspace       used 33440K, capacity 33960K, committed 34176K, reserved 1079296K
  class space    used 4500K, capacity 4670K, committed 4736K, reserved 1048576K
Event: 41.645 GC heap after
Heap after GC invocations=11 (full 1):
 PSYoungGen      total 39936K, used 8221K [0x00000000e0000000, 0x00000000e3180000, 0x0000000100000000)
  eden space 30208K, 0% used [0x00000000e0000000,0x00000000e0000000,0x00000000e1d80000)
  from space 9728K, 84% used [0x00000000e2780000,0x00000000e2f875b0,0x00000000e3100000)
  to   space 10240K, 0% used [0x00000000e1d80000,0x00000000e1d80000,0x00000000e2780000)
 ParOldGen       total 46592K, used 8786K [0x00000000a0000000, 0x00000000a2d80000, 0x00000000e0000000)
  object space 46592K, 18% used [0x00000000a0000000,0x00000000a0894870,0x00000000a2d80000)
 Metaspace       used 33440K, capacity 33960K, committed 34176K, reserved 1079296K
  class space    used 4500K, capacity 4670K, committed 4736K, reserved 1048576K
}
Event: 42.501 GC heap before
{Heap before GC invocations=12 (full 1):
 PSYoungGen      total 39936K, used 23542K [0x00000000e0000000, 0x00000000e3180000, 0x0000000100000000)
  eden space 30208K, 50% used [0x00000000e0000000,0x00000000e0ef6300,0x00000000e1d80000)
  from space 9728K, 84% used [0x00000000e2780000,0x00000000e2f875b0,0x00000000e3100000)
  to   space 10240K, 0% used [0x00000000e1d80000,0x00000000e1d80000,0x00000000e2780000)
 ParOldGen       total 46592K, used 8786K [0x00000000a0000000, 0x00000000a2d80000, 0x00000000e0000000)
  object space 46592K, 18% used [0x00000000a0000000,0x00000000a0894870,0x00000000a2d80000)
 Metaspace       used 34692K, capacity 35392K, committed 35496K, reserved 1079296K
  class space    used 4582K, capacity 4761K, committed 4864K, reserved 1048576K
Event: 42.528 GC heap after
Heap after GC invocations=12 (full 1):
 PSYoungGen      total 40448K, used 6964K [0x00000000e0000000, 0x00000000e3f80000, 0x0000000100000000)
  eden space 30208K, 0% used [0x00000000e0000000,0x00000000e0000000,0x00000000e1d80000)
  from space 10240K, 68% used [0x00000000e1d80000,0x00000000e244d2d0,0x00000000e2780000)
  to   space 10240K, 0% used [0x00000000e3580000,0x00000000e3580000,0x00000000e3f80000)
 ParOldGen       total 46592K, used 8794K [0x00000000a0000000, 0x00000000a2d80000, 0x00000000e0000000)
  object space 46592K, 18% used [0x00000000a0000000,0x00000000a0896870,0x00000000a2d80000)
 Metaspace       used 34692K, capacity 35392K, committed 35496K, reserved 1079296K
  class space    used 4582K, capacity 4761K, committed 4864K, reserved 1048576K
}
Event: 42.528 GC heap before
{Heap before GC invocations=13 (full 2):
 PSYoungGen      total 40448K, used 6964K [0x00000000e0000000, 0x00000000e3f80000, 0x0000000100000000)
  eden space 30208K, 0% used [0x00000000e0000000,0x00000000e0000000,0x00000000e1d80000)
  from space 10240K, 68% used [0x00000000e1d80000,0x00000000e244d2d0,0x00000000e2780000)
  to   space 10240K, 0% used [0x00000000e3580000,0x00000000e3580000,0x00000000e3f80000)
 ParOldGen       total 46592K, used 8794K [0x00000000a0000000, 0x00000000a2d80000, 0x00000000e0000000)
  object space 46592K, 18% used [0x00000000a0000000,0x00000000a0896870,0x00000000a2d80000)
 Metaspace       used 34692K, capacity 35392K, committed 35496K, reserved 1079296K
  class space    used 4582K, capacity 4761K, committed 4864K, reserved 1048576K
Event: 42.623 GC heap after
Heap after GC invocations=13 (full 2):
 PSYoungGen      total 40448K, used 0K [0x00000000e0000000, 0x00000000e3f80000, 0x0000000100000000)
  eden space 30208K, 0% used [0x00000000e0000000,0x00000000e0000000,0x00000000e1d80000)
  from space 10240K, 0% used [0x00000000e1d80000,0x00000000e1d80000,0x00000000e2780000)
  to   space 10240K, 0% used [0x00000000e3580000,0x00000000e3580000,0x00000000e3f80000)
 ParOldGen       total 59904K, used 14061K [0x00000000a0000000, 0x00000000a3a80000, 0x00000000e0000000)
  object space 59904K, 23% used [0x00000000a0000000,0x00000000a0dbb700,0x00000000a3a80000)
 Metaspace       used 34646K, capacity 35288K, committed 35496K, reserved 1079296K
  class space    used 4571K, capacity 4749K, committed 4864K, reserved 1048576K
}
Event: 45.096 GC heap before
{Heap before GC invocations=14 (full 2):
 PSYoungGen      total 40448K, used 30208K [0x00000000e0000000, 0x00000000e3f80000, 0x0000000100000000)
  eden space 30208K, 100% used [0x00000000e0000000,0x00000000e1d80000,0x00000000e1d80000)
  from space 10240K, 0% used [0x00000000e1d80000,0x00000000e1d80000,0x00000000e2780000)
  to   space 10240K, 0% used [0x00000000e3580000,0x00000000e3580000,0x00000000e3f80000)
 ParOldGen       total 59904K, used 14061K [0x00000000a0000000, 0x00000000a3a80000, 0x00000000e0000000)
  object space 59904K, 23% used [0x00000000a0000000,0x00000000a0dbb700,0x00000000a3a80000)
 Metaspace       used 36286K, capacity 37008K, committed 37120K, reserved 1081344K
  class space    used 4824K, capacity 5045K, committed 5120K, reserved 1048576K
Event: 45.102 GC heap after
Heap after GC invocations=14 (full 2):
 PSYoungGen      total 51712K, used 3560K [0x00000000e0000000, 0x00000000e3e00000, 0x0000000100000000)
  eden space 43008K, 0% used [0x00000000e0000000,0x00000000e0000000,0x00000000e2a00000)
  from space 8704K, 40% used [0x00000000e3580000,0x00000000e38fa1e8,0x00000000e3e00000)
  to   space 10240K, 0% used [0x00000000e2a00000,0x00000000e2a00000,0x00000000e3400000)
 ParOldGen       total 59904K, used 14069K [0x00000000a0000000, 0x00000000a3a80000, 0x00000000e0000000)
  object space 59904K, 23% used [0x00000000a0000000,0x00000000a0dbd700,0x00000000a3a80000)
 Metaspace       used 36286K, capacity 37008K, committed 37120K, reserved 1081344K
  class space    used 4824K, capacity 5045K, committed 5120K, reserved 1048576K
}

